<?xml version="1.0" encoding="UTF-8"?>
<!-- Generated by org.testng.reporters.JUnitReportReporter -->
<testsuite hostname="Mangesh-PC" failures="0" tests="1" name="com.tests.Login_Test" time="9.097" errors="0" timestamp="21 Feb 2020 03:39:04 GMT" skipped="0">
  <testcase classname="com.tests.Login_Test" name="test01" time="9.097"/>
</testsuite> <!-- com.tests.Login_Test -->
