<?xml version="1.0" encoding="UTF-8"?>
<!-- Generated by org.testng.reporters.JUnitReportReporter -->
<testsuite hostname="Mangesh-PC" failures="0" tests="1" name="org.demo.JSONReadTest" time="0.024" errors="0" timestamp="05 Mar 2020 16:26:07 GMT" skipped="0">
  <testcase classname="org.demo.JSONReadTest" name="test01" time="0.024"/>
</testsuite> <!-- org.demo.JSONReadTest -->
